<?xml version="1.0" encoding="UTF-8"?>
<!-- Generated by org.testng.reporters.JUnitReportReporter -->
<testsuite skipped="0" hostname="DHARSHI" name="org.test.Failestest2" tests="4" failures="0" timestamp="17 Nov 2022 15:40:14 GMT" time="0.011" errors="0">
  <testcase name="tc20" time="0.000" classname="org.test.Failestest2"/>
  <testcase name="tc40" time="0.000" classname="org.test.Failestest2"/>
  <testcase name="tc30" time="0.000" classname="org.test.Failestest2"/>
  <testcase name="tc10" time="0.011" classname="org.test.Failestest2"/>
</testsuite> <!-- org.test.Failestest2 -->
